2021-03-18 22:07:27 INFO  log:14 - Testcase OnStart ********Test
2021-03-18 22:07:27 DEBUG InternalLoggerFactory:53 - Using Log4J as the default logging framework
2021-03-18 22:07:27 DEBUG ResourceLeakDetector:130 - -Dio.netty.leakDetection.level: simple
2021-03-18 22:07:27 DEBUG ResourceLeakDetector:131 - -Dio.netty.leakDetection.targetRecords: 4
2021-03-18 22:07:27 DEBUG ResourceLeakDetectorFactory:196 - Loaded default ResourceLeakDetector: io.netty.util.ResourceLeakDetector@45a37759
2021-03-18 22:07:27 DEBUG PlatformDependent:1028 - Platform: Windows
2021-03-18 22:07:27 DEBUG PlatformDependent0:417 - -Dio.netty.noUnsafe: false
2021-03-18 22:07:27 DEBUG PlatformDependent0:889 - Java version: 15
2021-03-18 22:07:27 DEBUG PlatformDependent0:130 - sun.misc.Unsafe.theUnsafe: available
2021-03-18 22:07:27 DEBUG PlatformDependent0:154 - sun.misc.Unsafe.copyMemory: available
2021-03-18 22:07:27 DEBUG PlatformDependent0:192 - java.nio.Buffer.address: available
2021-03-18 22:07:27 DEBUG PlatformDependent0:266 - direct buffer constructor: unavailable
java.lang.UnsupportedOperationException: Reflective setAccessible(true) disabled
	at io.netty.util.internal.ReflectionUtil.trySetAccessible(ReflectionUtil.java:31)
	at io.netty.util.internal.PlatformDependent0$4.run(PlatformDependent0.java:238)
	at java.base/java.security.AccessController.doPrivileged(AccessController.java:312)
	at io.netty.util.internal.PlatformDependent0.<clinit>(PlatformDependent0.java:232)
	at io.netty.util.internal.PlatformDependent.isAndroid(PlatformDependent.java:293)
	at io.netty.util.internal.PlatformDependent.<clinit>(PlatformDependent.java:92)
	at io.netty.util.HashedWheelTimer.<init>(HashedWheelTimer.java:109)
	at io.netty.util.HashedWheelTimer.<init>(HashedWheelTimer.java:218)
	at io.netty.util.HashedWheelTimer.<init>(HashedWheelTimer.java:197)
	at org.asynchttpclient.DefaultAsyncHttpClient.newNettyTimer(DefaultAsyncHttpClient.java:111)
	at org.asynchttpclient.DefaultAsyncHttpClient.<init>(DefaultAsyncHttpClient.java:90)
	at org.asynchttpclient.Dsl.asyncHttpClient(Dsl.java:32)
	at org.openqa.selenium.remote.http.netty.NettyClient.<clinit>(NettyClient.java:42)
	at org.openqa.selenium.remote.http.netty.NettyClient$Factory.createClient(NettyClient.java:107)
	at org.openqa.selenium.remote.http.HttpClient$Factory.createClient(HttpClient.java:84)
	at org.openqa.selenium.remote.HttpCommandExecutor.<init>(HttpCommandExecutor.java:90)
	at org.openqa.selenium.remote.HttpCommandExecutor.<init>(HttpCommandExecutor.java:73)
	at org.openqa.selenium.remote.service.DriverCommandExecutor.<init>(DriverCommandExecutor.java:67)
	at org.openqa.selenium.chromium.ChromiumDriverCommandExecutor.<init>(ChromiumDriverCommandExecutor.java:78)
	at org.openqa.selenium.chrome.ChromeDriver.<init>(ChromeDriver.java:99)
	at org.openqa.selenium.chrome.ChromeDriver.<init>(ChromeDriver.java:86)
	at org.openqa.selenium.chrome.ChromeDriver.<init>(ChromeDriver.java:41)
	at com.flip.qa.base.FlipTestBase.init(FlipTestBase.java:41)
	at com.flip.qa.testcases.FlipLoginTest.setup(FlipLoginTest.java:40)
	at java.base/jdk.internal.reflect.NativeMethodAccessorImpl.invoke0(Native Method)
	at java.base/jdk.internal.reflect.NativeMethodAccessorImpl.invoke(NativeMethodAccessorImpl.java:64)
	at java.base/jdk.internal.reflect.DelegatingMethodAccessorImpl.invoke(DelegatingMethodAccessorImpl.java:43)
	at java.base/java.lang.reflect.Method.invoke(Method.java:564)
	at org.testng.internal.MethodInvocationHelper.invokeMethod(MethodInvocationHelper.java:124)
	at org.testng.internal.MethodInvocationHelper.invokeMethodConsideringTimeout(MethodInvocationHelper.java:59)
	at org.testng.internal.Invoker.invokeConfigurationMethod(Invoker.java:458)
	at org.testng.internal.Invoker.invokeConfigurations(Invoker.java:222)
	at org.testng.internal.Invoker.invokeConfigurations(Invoker.java:142)
	at org.testng.internal.TestMethodWorker.invokeBeforeClassMethods(TestMethodWorker.java:168)
	at org.testng.internal.TestMethodWorker.run(TestMethodWorker.java:105)
	at org.testng.TestRunner.privateRun(TestRunner.java:648)
	at org.testng.TestRunner.run(TestRunner.java:505)
	at org.testng.SuiteRunner.runTest(SuiteRunner.java:455)
	at org.testng.SuiteRunner.runSequentially(SuiteRunner.java:450)
	at org.testng.SuiteRunner.privateRun(SuiteRunner.java:415)
	at org.testng.SuiteRunner.run(SuiteRunner.java:364)
	at org.testng.SuiteRunnerWorker.runSuite(SuiteRunnerWorker.java:52)
	at org.testng.SuiteRunnerWorker.run(SuiteRunnerWorker.java:84)
	at org.testng.TestNG.runSuitesSequentially(TestNG.java:1208)
	at org.testng.TestNG.runSuitesLocally(TestNG.java:1137)
	at org.testng.TestNG.runSuites(TestNG.java:1049)
	at org.testng.TestNG.run(TestNG.java:1017)
	at org.testng.remote.AbstractRemoteTestNG.run(AbstractRemoteTestNG.java:115)
	at org.testng.remote.RemoteTestNG.initAndRun(RemoteTestNG.java:251)
	at org.testng.remote.RemoteTestNG.main(RemoteTestNG.java:77)
2021-03-18 22:07:27 DEBUG PlatformDependent0:331 - java.nio.Bits.unaligned: available, true
2021-03-18 22:07:27 DEBUG PlatformDependent0:390 - jdk.internal.misc.Unsafe.allocateUninitializedArray(int): unavailable
java.lang.IllegalAccessException: class io.netty.util.internal.PlatformDependent0$6 cannot access class jdk.internal.misc.Unsafe (in module java.base) because module java.base does not export jdk.internal.misc to unnamed module @67545b57
	at java.base/jdk.internal.reflect.Reflection.newIllegalAccessException(Reflection.java:385)
	at java.base/java.lang.reflect.AccessibleObject.checkAccess(AccessibleObject.java:693)
	at java.base/java.lang.reflect.Method.invoke(Method.java:556)
	at io.netty.util.internal.PlatformDependent0$6.run(PlatformDependent0.java:352)
	at java.base/java.security.AccessController.doPrivileged(AccessController.java:312)
	at io.netty.util.internal.PlatformDependent0.<clinit>(PlatformDependent0.java:343)
	at io.netty.util.internal.PlatformDependent.isAndroid(PlatformDependent.java:293)
	at io.netty.util.internal.PlatformDependent.<clinit>(PlatformDependent.java:92)
	at io.netty.util.HashedWheelTimer.<init>(HashedWheelTimer.java:109)
	at io.netty.util.HashedWheelTimer.<init>(HashedWheelTimer.java:218)
	at io.netty.util.HashedWheelTimer.<init>(HashedWheelTimer.java:197)
	at org.asynchttpclient.DefaultAsyncHttpClient.newNettyTimer(DefaultAsyncHttpClient.java:111)
	at org.asynchttpclient.DefaultAsyncHttpClient.<init>(DefaultAsyncHttpClient.java:90)
	at org.asynchttpclient.Dsl.asyncHttpClient(Dsl.java:32)
	at org.openqa.selenium.remote.http.netty.NettyClient.<clinit>(NettyClient.java:42)
	at org.openqa.selenium.remote.http.netty.NettyClient$Factory.createClient(NettyClient.java:107)
	at org.openqa.selenium.remote.http.HttpClient$Factory.createClient(HttpClient.java:84)
	at org.openqa.selenium.remote.HttpCommandExecutor.<init>(HttpCommandExecutor.java:90)
	at org.openqa.selenium.remote.HttpCommandExecutor.<init>(HttpCommandExecutor.java:73)
	at org.openqa.selenium.remote.service.DriverCommandExecutor.<init>(DriverCommandExecutor.java:67)
	at org.openqa.selenium.chromium.ChromiumDriverCommandExecutor.<init>(ChromiumDriverCommandExecutor.java:78)
	at org.openqa.selenium.chrome.ChromeDriver.<init>(ChromeDriver.java:99)
	at org.openqa.selenium.chrome.ChromeDriver.<init>(ChromeDriver.java:86)
	at org.openqa.selenium.chrome.ChromeDriver.<init>(ChromeDriver.java:41)
	at com.flip.qa.base.FlipTestBase.init(FlipTestBase.java:41)
	at com.flip.qa.testcases.FlipLoginTest.setup(FlipLoginTest.java:40)
	at java.base/jdk.internal.reflect.NativeMethodAccessorImpl.invoke0(Native Method)
	at java.base/jdk.internal.reflect.NativeMethodAccessorImpl.invoke(NativeMethodAccessorImpl.java:64)
	at java.base/jdk.internal.reflect.DelegatingMethodAccessorImpl.invoke(DelegatingMethodAccessorImpl.java:43)
	at java.base/java.lang.reflect.Method.invoke(Method.java:564)
	at org.testng.internal.MethodInvocationHelper.invokeMethod(MethodInvocationHelper.java:124)
	at org.testng.internal.MethodInvocationHelper.invokeMethodConsideringTimeout(MethodInvocationHelper.java:59)
	at org.testng.internal.Invoker.invokeConfigurationMethod(Invoker.java:458)
	at org.testng.internal.Invoker.invokeConfigurations(Invoker.java:222)
	at org.testng.internal.Invoker.invokeConfigurations(Invoker.java:142)
	at org.testng.internal.TestMethodWorker.invokeBeforeClassMethods(TestMethodWorker.java:168)
	at org.testng.internal.TestMethodWorker.run(TestMethodWorker.java:105)
	at org.testng.TestRunner.privateRun(TestRunner.java:648)
	at org.testng.TestRunner.run(TestRunner.java:505)
	at org.testng.SuiteRunner.runTest(SuiteRunner.java:455)
	at org.testng.SuiteRunner.runSequentially(SuiteRunner.java:450)
	at org.testng.SuiteRunner.privateRun(SuiteRunner.java:415)
	at org.testng.SuiteRunner.run(SuiteRunner.java:364)
	at org.testng.SuiteRunnerWorker.runSuite(SuiteRunnerWorker.java:52)
	at org.testng.SuiteRunnerWorker.run(SuiteRunnerWorker.java:84)
	at org.testng.TestNG.runSuitesSequentially(TestNG.java:1208)
	at org.testng.TestNG.runSuitesLocally(TestNG.java:1137)
	at org.testng.TestNG.runSuites(TestNG.java:1049)
	at org.testng.TestNG.run(TestNG.java:1017)
	at org.testng.remote.AbstractRemoteTestNG.run(AbstractRemoteTestNG.java:115)
	at org.testng.remote.RemoteTestNG.initAndRun(RemoteTestNG.java:251)
	at org.testng.remote.RemoteTestNG.main(RemoteTestNG.java:77)
2021-03-18 22:07:27 DEBUG PlatformDependent0:403 - java.nio.DirectByteBuffer.<init>(long, int): unavailable
2021-03-18 22:07:27 DEBUG PlatformDependent:1071 - sun.misc.Unsafe: available
2021-03-18 22:07:27 DEBUG PlatformDependent:1173 - maxDirectMemory: 2116026368 bytes (maybe)
2021-03-18 22:07:27 DEBUG PlatformDependent:1192 - -Dio.netty.tmpdir: C:\Users\Lenovo\AppData\Local\Temp (java.io.tmpdir)
2021-03-18 22:07:27 DEBUG PlatformDependent:1271 - -Dio.netty.bitMode: 64 (sun.arch.data.model)
2021-03-18 22:07:27 DEBUG PlatformDependent:177 - -Dio.netty.maxDirectMemory: -1 bytes
2021-03-18 22:07:27 DEBUG PlatformDependent:184 - -Dio.netty.uninitializedArrayAllocationThreshold: -1
2021-03-18 22:07:27 DEBUG CleanerJava9:71 - java.nio.ByteBuffer.cleaner(): available
2021-03-18 22:07:27 DEBUG PlatformDependent:204 - -Dio.netty.noPreferDirect: false
2021-03-18 22:07:27 DEBUG PlatformDependent:932 - org.jctools-core.MpscChunkedArrayQueue: available
2021-03-18 22:07:27 DEBUG InternalThreadLocalMap:56 - -Dio.netty.threadLocalMap.stringBuilder.initialSize: 1024
2021-03-18 22:07:27 DEBUG InternalThreadLocalMap:59 - -Dio.netty.threadLocalMap.stringBuilder.maxSize: 4096
2021-03-18 22:07:28 DEBUG JdkSslContext:96 - Default protocols (JDK): [TLSv1.2, TLSv1.1, TLSv1] 
2021-03-18 22:07:28 DEBUG JdkSslContext:97 - Default cipher suites (JDK): [TLS_ECDHE_ECDSA_WITH_AES_256_GCM_SHA384, TLS_ECDHE_ECDSA_WITH_AES_128_GCM_SHA256, TLS_ECDHE_RSA_WITH_AES_128_GCM_SHA256, TLS_ECDHE_RSA_WITH_AES_256_GCM_SHA384, TLS_ECDHE_RSA_WITH_AES_128_CBC_SHA, TLS_ECDHE_RSA_WITH_AES_256_CBC_SHA, TLS_RSA_WITH_AES_128_GCM_SHA256, TLS_RSA_WITH_AES_128_CBC_SHA, TLS_RSA_WITH_AES_256_CBC_SHA, TLS_AES_128_GCM_SHA256, TLS_AES_256_GCM_SHA384]
2021-03-18 22:07:28 DEBUG MultithreadEventLoopGroup:44 - -Dio.netty.eventLoopThreads: 8
2021-03-18 22:07:28 DEBUG NioEventLoop:106 - -Dio.netty.noKeySetOptimization: false
2021-03-18 22:07:28 DEBUG NioEventLoop:107 - -Dio.netty.selectorAutoRebuildThreshold: 512
2021-03-18 22:07:28 DEBUG PooledByteBufAllocator:154 - -Dio.netty.allocator.numHeapArenas: 8
2021-03-18 22:07:28 DEBUG PooledByteBufAllocator:155 - -Dio.netty.allocator.numDirectArenas: 8
2021-03-18 22:07:28 DEBUG PooledByteBufAllocator:157 - -Dio.netty.allocator.pageSize: 8192
2021-03-18 22:07:28 DEBUG PooledByteBufAllocator:162 - -Dio.netty.allocator.maxOrder: 11
2021-03-18 22:07:28 DEBUG PooledByteBufAllocator:166 - -Dio.netty.allocator.chunkSize: 16777216
2021-03-18 22:07:28 DEBUG PooledByteBufAllocator:167 - -Dio.netty.allocator.smallCacheSize: 256
2021-03-18 22:07:28 DEBUG PooledByteBufAllocator:168 - -Dio.netty.allocator.normalCacheSize: 64
2021-03-18 22:07:28 DEBUG PooledByteBufAllocator:169 - -Dio.netty.allocator.maxCachedBufferCapacity: 32768
2021-03-18 22:07:28 DEBUG PooledByteBufAllocator:170 - -Dio.netty.allocator.cacheTrimInterval: 8192
2021-03-18 22:07:28 DEBUG PooledByteBufAllocator:171 - -Dio.netty.allocator.cacheTrimIntervalMillis: 0
2021-03-18 22:07:28 DEBUG PooledByteBufAllocator:172 - -Dio.netty.allocator.useCacheForAllThreads: true
2021-03-18 22:07:28 DEBUG PooledByteBufAllocator:173 - -Dio.netty.allocator.maxCachedByteBuffersPerChunk: 1023
2021-03-18 22:07:28 DEBUG ByteBufUtil:87 - -Dio.netty.allocator.type: pooled
2021-03-18 22:07:28 DEBUG ByteBufUtil:96 - -Dio.netty.threadLocalDirectBufferSize: 0
2021-03-18 22:07:28 DEBUG ByteBufUtil:99 - -Dio.netty.maxThreadLocalCharBufferSize: 16384
2021-03-18 22:07:29 DEBUG DefaultChannelId:79 - -Dio.netty.processId: 11872 (auto-detected)
2021-03-18 22:07:29 DEBUG NetUtil:139 - -Djava.net.preferIPv4Stack: false
2021-03-18 22:07:29 DEBUG NetUtil:140 - -Djava.net.preferIPv6Addresses: false
2021-03-18 22:07:29 DEBUG NetUtil:224 - Loopback interface: lo (Software Loopback Interface 1, 127.0.0.1)
2021-03-18 22:07:29 DEBUG NetUtil:289 - Failed to get SOMAXCONN from sysctl and file \proc\sys\net\core\somaxconn. Default: 200
2021-03-18 22:07:29 DEBUG DefaultChannelId:101 - -Dio.netty.machineId: f8:28:19:ff:fe:cc:af:1f (auto-detected)
2021-03-18 22:07:29 DEBUG AbstractByteBuf:63 - -Dio.netty.buffer.checkAccessible: true
2021-03-18 22:07:29 DEBUG AbstractByteBuf:64 - -Dio.netty.buffer.checkBounds: true
2021-03-18 22:07:29 DEBUG ResourceLeakDetectorFactory:196 - Loaded default ResourceLeakDetector: io.netty.util.ResourceLeakDetector@3911c453
2021-03-18 22:07:29 DEBUG Recycler:100 - -Dio.netty.recycler.maxCapacityPerThread: 4096
2021-03-18 22:07:29 DEBUG Recycler:101 - -Dio.netty.recycler.maxSharedCapacityFactor: 2
2021-03-18 22:07:29 DEBUG Recycler:102 - -Dio.netty.recycler.linkCapacity: 16
2021-03-18 22:07:29 DEBUG Recycler:103 - -Dio.netty.recycler.ratio: 8
2021-03-18 22:07:29 DEBUG Recycler:104 - -Dio.netty.recycler.delayedQueue.ratio: 8
2021-03-18 22:07:30 DEBUG ThreadLocalRandom:212 - -Dio.netty.initialSeedUniquifier: 0xc27fa05206e4bcc6
2021-03-18 22:07:44 INFO  log:14 - 
2021-03-18 22:07:44 INFO  log:14 - Testcase Started ********LoginT at time 1616085464881
2021-03-18 22:07:45 INFO  log:14 - Testcase Succeded ********LoginT at time 1616085464881
2021-03-18 22:07:45 INFO  log:14 - 
2021-03-18 22:07:45 INFO  log:14 - Testcase Started ********GroserySubTab at time 1616085465187
2021-03-18 22:07:54 INFO  log:14 - Testcase Succeded ********GroserySubTab at time 1616085465187
2021-03-18 22:07:55 DEBUG cache:45 - Couldn't find template in cache for "Extent.ftl"("en_IN", UTF-8, parsed); will try to load it.
2021-03-18 22:07:55 DEBUG cache:45 - TemplateLoader.findTemplateSource("Extent_en_IN.ftl"): Not found
2021-03-18 22:07:55 DEBUG cache:45 - TemplateLoader.findTemplateSource("Extent_en.ftl"): Not found
2021-03-18 22:07:55 DEBUG cache:45 - TemplateLoader.findTemplateSource("Extent.ftl"): Found
2021-03-18 22:07:55 DEBUG cache:45 - Loading template for "Extent.ftl"("en_IN", UTF-8, parsed) from "jar:file:/C:/Users/Lenovo/.m2/repository/com/relevantcodes/extentreports/2.41.2/extentreports-2.41.2.jar!/com/relevantcodes/extentreports/view/Extent.ftl"
2021-03-18 22:07:55 DEBUG cache:45 - Couldn't find template in cache for "Extent.ftl"("en_IN", UTF-8, parsed); will try to load it.
2021-03-18 22:07:55 DEBUG cache:45 - TemplateLoader.findTemplateSource("Extent_en_IN.ftl"): Not found
2021-03-18 22:07:55 DEBUG cache:45 - TemplateLoader.findTemplateSource("Extent_en.ftl"): Not found
2021-03-18 22:07:55 DEBUG cache:45 - TemplateLoader.findTemplateSource("Extent.ftl"): Found
2021-03-18 22:07:55 DEBUG cache:45 - Loading template for "Extent.ftl"("en_IN", UTF-8, parsed) from "jar:file:/C:/Users/Lenovo/.m2/repository/com/relevantcodes/extentreports/2.41.2/extentreports-2.41.2.jar!/com/relevantcodes/extentreports/view/Extent.ftl"
